<?xml version="1.0" encoding="UTF-8"?>
<testsuite xmlns:xsi="http://www.w3.org/2001/XMLSchema-instance" xsi:noNamespaceSchemaLocation="https://maven.apache.org/surefire/maven-surefire-plugin/xsd/surefire-test-report.xsd" name="mitarbeiter.TestMitarbeiter" time="0" tests="4" errors="0" skipped="0" failures="0">
  <properties>
[...]
</properties>
  <testcase name="ifnegativeIDIsPassedToConstructorIllegalArgumentExceptionIsThrown" classname="mitarbeiter.TestMitarbeiter" time="0"/>
  <testcase name="ifTooSamllIDIsPassedToConstructorIllegalArgumentExceptionIsThrown" classname="mitarbeiter.TestMitarbeiter" time="0"/>
  <testcase name="ifNamelessthan2LettersIsPassedToConstructorIllegalArgumentExceptionIsThrown" classname="mitarbeiter.TestMitarbeiter" time="0"/>
  <testcase name="ifValidIDandNameIsPassedToConstructorValuesAreStoredInObject" classname="mitarbeiter.TestMitarbeiter" time="0"/>
</testsuite>